2025-05-16 23:57:50,669 | INFO | Seed set to 42
2025-05-16 23:57:50,670 | INFO | Corpus 'shakespeare.txt' already exists.
2025-05-16 23:57:52,004 | INFO | Dataset created with 1115354 sequences, vocab size 65
2025-05-16 23:57:52,005 | INFO | Model initialized: RNN(vocab_size=65, hidden_size=128)
2025-05-16 23:57:52,005 | INFO | Training parameters: epochs=25, lr=0.0100, batch_size=64, seq_len=40
2025-05-16 23:57:52,350 | INFO | Epoch 1, Batch 0, Gradient norms dL/dh_t (t=1 to T, batch avg):
2025-05-16 23:57:52,350 | INFO |     t=1: 8.0031e-03 | t=5: 7.5011e-03 | t=9: 7.4984e-03 | t=13: 7.5533e-03 | t=17: 7.7065e-03 | t=21: 7.8999e-03 | t=25: 8.0121e-03 | t=29: 8.6678e-03 | t=33: 1.0476e-02 | t=37: 1.3030e-02 | t=40: 1.5552e-02
2025-05-17 00:13:10,353 | INFO | Epoch 1/25  Mean Loss: 2.7081
2025-05-17 00:13:10,602 | INFO | Epoch 2, Batch 0, Gradient norms dL/dh_t (t=1 to T, batch avg):
2025-05-17 00:13:10,602 | INFO |     t=1: 3.1873e-06 | t=5: 4.5738e-06 | t=9: 9.7210e-06 | t=13: 2.6870e-05 | t=17: 7.2372e-05 | t=21: 2.0380e-04 | t=25: 5.3694e-04 | t=29: 1.5604e-03 | t=33: 4.9562e-03 | t=37: 1.6073e-02 | t=40: 2.2471e-02
2025-05-17 00:28:29,102 | INFO | Epoch 2/25  Mean Loss: 2.2942
2025-05-17 00:28:29,443 | INFO | Epoch 3, Batch 0, Gradient norms dL/dh_t (t=1 to T, batch avg):
2025-05-17 00:28:29,443 | INFO |     t=1: 1.1847e-04 | t=5: 1.1223e-04 | t=9: 1.5069e-04 | t=13: 2.6079e-04 | t=17: 3.9602e-04 | t=21: 6.3498e-04 | t=25: 1.0734e-03 | t=29: 2.1935e-03 | t=33: 5.6672e-03 | t=37: 1.8937e-02 | t=40: 2.9143e-02
2025-05-17 00:42:58,160 | INFO | Epoch 3/25  Mean Loss: 2.1676
2025-05-17 00:42:58,441 | INFO | Epoch 4, Batch 0, Gradient norms dL/dh_t (t=1 to T, batch avg):
2025-05-17 00:42:58,441 | INFO |     t=1: 6.4101e-05 | t=5: 6.9415e-05 | t=9: 1.1242e-04 | t=13: 2.2197e-04 | t=17: 3.7095e-04 | t=21: 6.7448e-04 | t=25: 1.2851e-03 | t=29: 2.5452e-03 | t=33: 6.5260e-03 | t=37: 2.1924e-02 | t=40: 3.2665e-02
2025-05-17 00:57:24,192 | INFO | Epoch 4/25  Mean Loss: 2.0866
2025-05-17 00:57:24,537 | INFO | Epoch 5, Batch 0, Gradient norms dL/dh_t (t=1 to T, batch avg):
2025-05-17 00:57:24,537 | INFO |     t=1: 7.7277e-06 | t=5: 1.9878e-05 | t=9: 4.8514e-05 | t=13: 9.6707e-05 | t=17: 1.9767e-04 | t=21: 4.1100e-04 | t=25: 1.1599e-03 | t=29: 2.5772e-03 | t=33: 6.6697e-03 | t=37: 2.0847e-02 | t=40: 3.6180e-02
2025-05-17 01:11:51,958 | INFO | Epoch 5/25  Mean Loss: 2.0391
2025-05-17 01:11:52,185 | INFO | Epoch 6, Batch 0, Gradient norms dL/dh_t (t=1 to T, batch avg):
2025-05-17 01:11:52,186 | INFO |     t=1: 1.3872e-06 | t=5: 2.0818e-06 | t=9: 5.2608e-06 | t=13: 1.6276e-05 | t=17: 5.6336e-05 | t=21: 1.8087e-04 | t=25: 5.0306e-04 | t=29: 1.5981e-03 | t=33: 5.2127e-03 | t=37: 1.8480e-02 | t=40: 3.4124e-02
2025-05-17 01:26:08,342 | INFO | Epoch 6/25  Mean Loss: 1.9820
2025-05-17 01:26:08,566 | INFO | Epoch 7, Batch 0, Gradient norms dL/dh_t (t=1 to T, batch avg):
2025-05-17 01:26:08,566 | INFO |     t=1: 8.8416e-07 | t=5: 1.9625e-06 | t=9: 5.9358e-06 | t=13: 1.8856e-05 | t=17: 6.3355e-05 | t=21: 2.2788e-04 | t=25: 6.0526e-04 | t=29: 1.8846e-03 | t=33: 5.0396e-03 | t=37: 1.7804e-02 | t=40: 3.2718e-02
2025-05-17 01:40:15,643 | INFO | Epoch 7/25  Mean Loss: 1.9388
2025-05-17 01:40:15,987 | INFO | Epoch 8, Batch 0, Gradient norms dL/dh_t (t=1 to T, batch avg):
2025-05-17 01:40:15,988 | INFO |     t=1: 1.9706e-06 | t=5: 3.7585e-06 | t=9: 9.8197e-06 | t=13: 2.4659e-05 | t=17: 6.8271e-05 | t=21: 1.9760e-04 | t=25: 5.9370e-04 | t=29: 1.7125e-03 | t=33: 5.5783e-03 | t=37: 1.8082e-02 | t=40: 3.7666e-02
2025-05-17 01:54:29,970 | INFO | Epoch 8/25  Mean Loss: 1.9032
2025-05-17 01:54:30,299 | INFO | Epoch 9, Batch 0, Gradient norms dL/dh_t (t=1 to T, batch avg):
2025-05-17 01:54:30,300 | INFO |     t=1: 9.7774e-06 | t=5: 1.5850e-05 | t=9: 3.3050e-05 | t=13: 7.8018e-05 | t=17: 1.5504e-04 | t=21: 3.4643e-04 | t=25: 7.4161e-04 | t=29: 1.8677e-03 | t=33: 5.0955e-03 | t=37: 1.6823e-02 | t=40: 3.6474e-02
2025-05-17 02:08:39,707 | INFO | Epoch 9/25  Mean Loss: 1.8728
2025-05-17 02:08:39,941 | INFO | Epoch 10, Batch 0, Gradient norms dL/dh_t (t=1 to T, batch avg):
2025-05-17 02:08:39,942 | INFO |     t=1: 1.5580e-05 | t=5: 2.2235e-05 | t=9: 3.8868e-05 | t=13: 7.8293e-05 | t=17: 1.6539e-04 | t=21: 3.2886e-04 | t=25: 7.2182e-04 | t=29: 1.8263e-03 | t=33: 5.6966e-03 | t=37: 1.9388e-02 | t=40: 3.6088e-02
2025-05-17 02:22:46,934 | INFO | Epoch 10/25  Mean Loss: 1.8466
2025-05-17 02:22:47,211 | INFO | Epoch 11, Batch 0, Gradient norms dL/dh_t (t=1 to T, batch avg):
2025-05-17 02:22:47,211 | INFO |     t=1: 4.5207e-05 | t=5: 8.1271e-05 | t=9: 1.5233e-04 | t=13: 2.1071e-04 | t=17: 3.3776e-04 | t=21: 5.7987e-04 | t=25: 1.0637e-03 | t=29: 2.3067e-03 | t=33: 6.3260e-03 | t=37: 2.1190e-02 | t=40: 4.2037e-02
2025-05-17 02:37:12,425 | INFO | Epoch 11/25  Mean Loss: 1.8244
2025-05-17 02:37:12,751 | INFO | Epoch 12, Batch 0, Gradient norms dL/dh_t (t=1 to T, batch avg):
2025-05-17 02:37:12,751 | INFO |     t=1: 4.1038e-06 | t=5: 6.5924e-06 | t=9: 2.1184e-05 | t=13: 5.9983e-05 | t=17: 1.5380e-04 | t=21: 3.7021e-04 | t=25: 8.4504e-04 | t=29: 2.2121e-03 | t=33: 6.1879e-03 | t=37: 1.9885e-02 | t=40: 3.9806e-02
2025-05-17 02:51:28,490 | INFO | Epoch 12/25  Mean Loss: 1.8051
2025-05-17 02:51:28,850 | INFO | Epoch 13, Batch 0, Gradient norms dL/dh_t (t=1 to T, batch avg):
2025-05-17 02:51:28,851 | INFO |     t=1: 3.3251e-05 | t=5: 4.9955e-05 | t=9: 9.3264e-05 | t=13: 1.8609e-04 | t=17: 3.1918e-04 | t=21: 5.9265e-04 | t=25: 9.8947e-04 | t=29: 2.1864e-03 | t=33: 5.5953e-03 | t=37: 1.8705e-02 | t=40: 3.9930e-02
2025-05-17 03:05:35,621 | INFO | Epoch 13/25  Mean Loss: 1.7885
2025-05-17 03:05:36,023 | INFO | Epoch 14, Batch 0, Gradient norms dL/dh_t (t=1 to T, batch avg):
2025-05-17 03:05:36,024 | INFO |     t=1: 5.9590e-05 | t=5: 6.4530e-05 | t=9: 1.1849e-04 | t=13: 2.5167e-04 | t=17: 4.3965e-04 | t=21: 6.9488e-04 | t=25: 1.1986e-03 | t=29: 2.6757e-03 | t=33: 6.0948e-03 | t=37: 1.9634e-02 | t=40: 4.0111e-02
2025-05-17 03:19:40,331 | INFO | Epoch 14/25  Mean Loss: 1.7747
2025-05-17 03:19:40,600 | INFO | Epoch 15, Batch 0, Gradient norms dL/dh_t (t=1 to T, batch avg):
2025-05-17 03:19:40,600 | INFO |     t=1: 8.2754e-07 | t=5: 1.8777e-06 | t=9: 5.8772e-06 | t=13: 2.0292e-05 | t=17: 6.3468e-05 | t=21: 1.7024e-04 | t=25: 5.4200e-04 | t=29: 1.7328e-03 | t=33: 5.8183e-03 | t=37: 1.8924e-02 | t=40: 4.2130e-02
2025-05-17 03:33:55,074 | INFO | Epoch 15/25  Mean Loss: 1.7658
2025-05-17 03:33:55,396 | INFO | Epoch 16, Batch 0, Gradient norms dL/dh_t (t=1 to T, batch avg):
2025-05-17 03:33:55,397 | INFO |     t=1: 1.0114e-06 | t=5: 2.4494e-06 | t=9: 6.6773e-06 | t=13: 2.2326e-05 | t=17: 6.2756e-05 | t=21: 2.3789e-04 | t=25: 6.4035e-04 | t=29: 1.5996e-03 | t=33: 5.1666e-03 | t=37: 1.8483e-02 | t=40: 4.4012e-02
2025-05-17 03:47:58,077 | INFO | Epoch 16/25  Mean Loss: 1.7517
2025-05-17 03:47:58,382 | INFO | Epoch 17, Batch 0, Gradient norms dL/dh_t (t=1 to T, batch avg):
2025-05-17 03:47:58,382 | INFO |     t=1: 1.5417e-06 | t=5: 2.1971e-06 | t=9: 6.2373e-06 | t=13: 1.8642e-05 | t=17: 5.8438e-05 | t=21: 1.7066e-04 | t=25: 5.5375e-04 | t=29: 1.9111e-03 | t=33: 5.9270e-03 | t=37: 1.8831e-02 | t=40: 4.4812e-02
2025-05-17 04:02:03,174 | INFO | Epoch 17/25  Mean Loss: 1.7436
2025-05-17 04:02:03,475 | INFO | Epoch 18, Batch 0, Gradient norms dL/dh_t (t=1 to T, batch avg):
2025-05-17 04:02:03,475 | INFO |     t=1: 1.4712e-06 | t=5: 2.6916e-06 | t=9: 7.1639e-06 | t=13: 2.2098e-05 | t=17: 6.3372e-05 | t=21: 1.9504e-04 | t=25: 5.7248e-04 | t=29: 2.0263e-03 | t=33: 6.3760e-03 | t=37: 2.1005e-02 | t=40: 4.7930e-02
2025-05-17 04:16:17,273 | INFO | Epoch 18/25  Mean Loss: 1.7279
2025-05-17 04:16:17,627 | INFO | Epoch 19, Batch 0, Gradient norms dL/dh_t (t=1 to T, batch avg):
2025-05-17 04:16:17,628 | INFO |     t=1: 1.9862e-06 | t=5: 2.9234e-06 | t=9: 6.8080e-06 | t=13: 1.8916e-05 | t=17: 7.0154e-05 | t=21: 2.0016e-04 | t=25: 5.5020e-04 | t=29: 1.8731e-03 | t=33: 6.0252e-03 | t=37: 1.8654e-02 | t=40: 4.5515e-02
2025-05-17 04:30:12,693 | INFO | Epoch 19/25  Mean Loss: 1.7172
2025-05-17 04:30:13,088 | INFO | Epoch 20, Batch 0, Gradient norms dL/dh_t (t=1 to T, batch avg):
2025-05-17 04:30:13,089 | INFO |     t=1: 2.3392e-06 | t=5: 2.7638e-06 | t=9: 6.6987e-06 | t=13: 2.1888e-05 | t=17: 6.9779e-05 | t=21: 2.0241e-04 | t=25: 6.6455e-04 | t=29: 2.0675e-03 | t=33: 7.2238e-03 | t=37: 2.1750e-02 | t=40: 4.4947e-02
2025-05-17 04:44:22,338 | INFO | Epoch 20/25  Mean Loss: 1.7076
2025-05-17 04:44:22,624 | INFO | Epoch 21, Batch 0, Gradient norms dL/dh_t (t=1 to T, batch avg):
2025-05-17 04:44:22,624 | INFO |     t=1: 8.6362e-07 | t=5: 2.0172e-06 | t=9: 6.3893e-06 | t=13: 2.3527e-05 | t=17: 6.1598e-05 | t=21: 1.8132e-04 | t=25: 5.9536e-04 | t=29: 1.9868e-03 | t=33: 6.6727e-03 | t=37: 2.1369e-02 | t=40: 4.9134e-02
2025-05-17 04:58:26,486 | INFO | Epoch 21/25  Mean Loss: 1.6992
2025-05-17 04:58:26,799 | INFO | Epoch 22, Batch 0, Gradient norms dL/dh_t (t=1 to T, batch avg):
2025-05-17 04:58:26,799 | INFO |     t=1: 1.0193e-06 | t=5: 2.1790e-06 | t=9: 6.0474e-06 | t=13: 1.9788e-05 | t=17: 6.4088e-05 | t=21: 1.9449e-04 | t=25: 6.0215e-04 | t=29: 1.9855e-03 | t=33: 6.3525e-03 | t=37: 1.9608e-02 | t=40: 4.6160e-02
2025-05-17 05:12:46,507 | INFO | Epoch 22/25  Mean Loss: 1.6915
2025-05-17 05:12:46,898 | INFO | Epoch 23, Batch 0, Gradient norms dL/dh_t (t=1 to T, batch avg):
2025-05-17 05:12:46,899 | INFO |     t=1: 9.9616e-06 | t=5: 6.5036e-06 | t=9: 1.3159e-05 | t=13: 3.1909e-05 | t=17: 1.1109e-04 | t=21: 2.6177e-04 | t=25: 7.7294e-04 | t=29: 2.3805e-03 | t=33: 7.7129e-03 | t=37: 2.3672e-02 | t=40: 4.9929e-02
2025-05-17 05:27:01,602 | INFO | Epoch 23/25  Mean Loss: 1.6833
2025-05-17 05:27:01,898 | INFO | Epoch 24, Batch 0, Gradient norms dL/dh_t (t=1 to T, batch avg):
2025-05-17 05:27:01,899 | INFO |     t=1: 1.9042e-06 | t=5: 3.9815e-06 | t=9: 1.0048e-05 | t=13: 2.9804e-05 | t=17: 9.2033e-05 | t=21: 3.3320e-04 | t=25: 8.6695e-04 | t=29: 2.2428e-03 | t=33: 6.2131e-03 | t=37: 1.7948e-02 | t=40: 4.0994e-02
2025-05-17 05:41:02,582 | INFO | Epoch 24/25  Mean Loss: 1.6764
2025-05-17 05:41:02,908 | INFO | Epoch 25, Batch 0, Gradient norms dL/dh_t (t=1 to T, batch avg):
2025-05-17 05:41:02,909 | INFO |     t=1: 1.9441e-06 | t=5: 4.0819e-06 | t=9: 1.0279e-05 | t=13: 2.8866e-05 | t=17: 8.4449e-05 | t=21: 2.5294e-04 | t=25: 8.6638e-04 | t=29: 2.4471e-03 | t=33: 6.9952e-03 | t=37: 2.2936e-02 | t=40: 5.3853e-02
2025-05-17 05:54:58,866 | INFO | Epoch 25/25  Mean Loss: 1.6699
2025-05-17 05:55:00,256 | INFO | 
--- Sample (temp=1.00) ---
2025-05-17 05:55:01,487 | INFO | ROMEO: Will made himponss for fillid!'
With is for our
Tustony herce? arg Bis here to their dild,
A phaty it than happ all, that so findy parnosh you hear the ront?

MARDIPA:
Courugniol, that he sine!
And wi
